Using pre-set license
Built from '2020.3/staging' branch; Version is '2020.3.20f1 (41c4e627c95f) revision 4310246'; Using compiler version '192528614'; Build Type 'Release'
OS: 'Windows 10 Home Single Language; OS build 19042.1288; Version 2009; 64bit' Language: 'es' Physical Memory: 14274 MB
BatchMode: 1, IsHumanControllingUs: 0, StartBugReporterOnCrash: 0, Is64bit: 1, IsPro: 0

COMMAND LINE ARGUMENTS:
C:\Program Files\Unity\Hub\Editor\2020.3.20f1\Editor\Unity.exe
-adb2
-batchMode
-noUpm
-name
AssetImportWorker0
-projectPath
C:/Users/fco_d/OneDrive/Desktop/universidad/Desarrollo de videojuegos/Proyecto/Atomic-Hope/mapa_ahora_si
-logFile
Logs/AssetImportWorker0.log
-srvPort
58370
Successfully changed project path to: C:/Users/fco_d/OneDrive/Desktop/universidad/Desarrollo de videojuegos/Proyecto/Atomic-Hope/mapa_ahora_si
C:/Users/fco_d/OneDrive/Desktop/universidad/Desarrollo de videojuegos/Proyecto/Atomic-Hope/mapa_ahora_si
Using Asset Import Pipeline V2.
Refreshing native plugins compatible for Editor in 47.07 ms, found 2 plugins.
Preloading 0 native plugins for Editor in 0.00 ms.
Initialize engine version: 2020.3.20f1 (41c4e627c95f)
[Subsystems] Discovering subsystems at path C:/Program Files/Unity/Hub/Editor/2020.3.20f1/Editor/Data/Resources/UnitySubsystems
[Subsystems] Discovering subsystems at path C:/Users/fco_d/OneDrive/Desktop/universidad/Desarrollo de videojuegos/Proyecto/Atomic-Hope/mapa_ahora_si/Assets
GfxDevice: creating device client; threaded=0
Direct3D:
    Version:  Direct3D 11.0 [level 11.1]
    Renderer: AMD Radeon(TM) RX Vega 10 Graphics (ID=0x15d8)
    Vendor:   
    VRAM:     7137 MB
    Driver:   27.20.1028.1
Initialize mono
Mono path[0] = 'C:/Program Files/Unity/Hub/Editor/2020.3.20f1/Editor/Data/Managed'
Mono path[1] = 'C:/Program Files/Unity/Hub/Editor/2020.3.20f1/Editor/Data/MonoBleedingEdge/lib/mono/unityjit'
Mono config path = 'C:/Program Files/Unity/Hub/Editor/2020.3.20f1/Editor/Data/MonoBleedingEdge/etc'
Using monoOptions --debugger-agent=transport=dt_socket,embedding=1,server=y,suspend=n,address=127.0.0.1:56840
Begin MonoManager ReloadAssembly
Registering precompiled unity dll's ...
Register platform support module: C:/Program Files/Unity/Hub/Editor/2020.3.20f1/Editor/Data/PlaybackEngines/WindowsStandaloneSupport/UnityEditor.WindowsStandalone.Extensions.dll
Registered in 0.003025 seconds.
Native extension for WindowsStandalone target not found
Refreshing native plugins compatible for Editor in 44.14 ms, found 2 plugins.
Preloading 0 native plugins for Editor in 0.00 ms.
Mono: successfully reloaded assembly
- Completed reload, in  1.766 seconds
Domain Reload Profiling:
	ReloadAssembly (1767ms)
		BeginReloadAssembly (79ms)
			ExecutionOrderSort (0ms)
			DisableScriptedObjects (0ms)
			BackupInstance (0ms)
			ReleaseScriptingObjects (0ms)
			CreateAndSetChildDomain (1ms)
		EndReloadAssembly (627ms)
			LoadAssemblies (75ms)
			RebuildTransferFunctionScriptingTraits (0ms)
			SetupTypeCache (218ms)
			ReleaseScriptCaches (0ms)
			RebuildScriptCaches (49ms)
			SetupLoadedEditorAssemblies (251ms)
				LogAssemblyErrors (0ms)
				InitializePlatformSupportModulesInManaged (7ms)
				SetLoadedEditorAssemblies (0ms)
				RefreshPlugins (44ms)
				BeforeProcessingInitializeOnLoad (25ms)
				ProcessInitializeOnLoadAttributes (123ms)
				ProcessInitializeOnLoadMethodAttributes (51ms)
				AfterProcessingInitializeOnLoad (0ms)
				EditorAssembliesLoaded (0ms)
			ExecutionOrderSort2 (0ms)
			AwakeInstancesAfterBackupRestoration (0ms)
Platform modules already initialized, skipping
Registering precompiled user dll's ...
Registered in 0.005675 seconds.
Begin MonoManager ReloadAssembly
Native extension for WindowsStandalone target not found
Refreshing native plugins compatible for Editor in 0.67 ms, found 2 plugins.
Preloading 0 native plugins for Editor in 0.00 ms.
Mono: successfully reloaded assembly
- Completed reload, in  1.767 seconds
Domain Reload Profiling:
	ReloadAssembly (1769ms)
		BeginReloadAssembly (236ms)
			ExecutionOrderSort (0ms)
			DisableScriptedObjects (8ms)
			BackupInstance (0ms)
			ReleaseScriptingObjects (0ms)
			CreateAndSetChildDomain (29ms)
		EndReloadAssembly (1437ms)
			LoadAssemblies (141ms)
			RebuildTransferFunctionScriptingTraits (0ms)
			SetupTypeCache (407ms)
			ReleaseScriptCaches (1ms)
			RebuildScriptCaches (85ms)
			SetupLoadedEditorAssemblies (615ms)
				LogAssemblyErrors (0ms)
				InitializePlatformSupportModulesInManaged (10ms)
				SetLoadedEditorAssemblies (1ms)
				RefreshPlugins (1ms)
				BeforeProcessingInitializeOnLoad (157ms)
				ProcessInitializeOnLoadAttributes (412ms)
				ProcessInitializeOnLoadMethodAttributes (19ms)
				AfterProcessingInitializeOnLoad (14ms)
				EditorAssembliesLoaded (0ms)
			ExecutionOrderSort2 (0ms)
			AwakeInstancesAfterBackupRestoration (14ms)
Platform modules already initialized, skipping
========================================================================
Worker process is ready to serve import requests
Launched and connected shader compiler UnityShaderCompiler.exe after 0.19 seconds
Refreshing native plugins compatible for Editor in 0.71 ms, found 2 plugins.
Preloading 0 native plugins for Editor in 0.00 ms.
Unloading 1753 Unused Serialized files (Serialized files now loaded: 0)
System memory in use before: 89.1 MB.
System memory in use after: 89.2 MB.

Unloading 20 unused Assets to reduce memory usage. Loaded Objects now: 2206.
Total: 6.355800 ms (FindLiveObjects: 0.449800 ms CreateObjectMapping: 0.143600 ms MarkObjects: 5.600900 ms  DeleteObjects: 0.159600 ms)

AssetImportParameters requested are different than current active one (requested -> active):
  custom:framework-win-MediaFoundation: 216162199b28c13a410421893ffa2e32 -> 
  custom:video-decoder-ogg-theora: a1e56fd34408186e4bbccfd4996cb3dc -> 
  custom:container-muxer-webm: aa71ff27fc2769a1b78a27578f13a17b -> 
  custom:container-demuxer-webm: 4f35f7cbe854078d1ac9338744f61a02 -> 
  custom:container-demuxer-ogg: 62fdf1f143b41e24485cea50d1cbac27 -> 
  custom:video-encoder-webm-vp8: eb34c28f22e8b96e1ab97ce403110664 -> 
  custom:video-decoder-webm-vp8: 9c59270c3fd7afecdb556c50c9e8de78 -> 
  custom:audio-decoder-ogg-vorbis: bf7c407c2cedff20999df2af8eb42d56 -> 
  custom:audio-encoder-webm-vorbis: bf7c407c2cedff20999df2af8eb42d56 -> 
========================================================================
Received Import Request.
  path: Assets/Prefab/TB.prefab
  artifactKey: Guid(d1de685730e23ca43b997458caaadf01) Importer(815301076,1909f56bfc062723c751e8b465ee728b)
Start importing Assets/Prefab/TB.prefab using Guid(d1de685730e23ca43b997458caaadf01) Importer(815301076,1909f56bfc062723c751e8b465ee728b)  -> (artifact id: '51cb46b237463629efa8851d4d11ec1c') in 0.254382 seconds 
  Import took 0.259329 seconds .

========================================================================
Received Import Request.
  Time since last request: 0.000373 seconds.
  path: Assets/Prefab/All.prefab
  artifactKey: Guid(43cf4a0cd5adbca428cefb6b1211988b) Importer(815301076,1909f56bfc062723c751e8b465ee728b)
Start importing Assets/Prefab/All.prefab using Guid(43cf4a0cd5adbca428cefb6b1211988b) Importer(815301076,1909f56bfc062723c751e8b465ee728b)  -> (artifact id: 'd8b97340dfd5e007bfc015784169485c') in 0.037717 seconds 
  Import took 0.044753 seconds .

========================================================================
Received Import Request.
  Time since last request: 0.000304 seconds.
  path: Assets/Prefab/BLR.prefab
  artifactKey: Guid(b7c000215f0be714ba43909ddb8a5f93) Importer(815301076,1909f56bfc062723c751e8b465ee728b)
Start importing Assets/Prefab/BLR.prefab using Guid(b7c000215f0be714ba43909ddb8a5f93) Importer(815301076,1909f56bfc062723c751e8b465ee728b)  -> (artifact id: '28215cb253df412575f4eb5b66405423') in 0.031559 seconds 
  Import took 0.036703 seconds .

========================================================================
Received Import Request.
  Time since last request: 0.000299 seconds.
  path: Assets/Prefab/T.prefab
  artifactKey: Guid(f1021f3045817a7458b84a56e46664ff) Importer(815301076,1909f56bfc062723c751e8b465ee728b)
Start importing Assets/Prefab/T.prefab using Guid(f1021f3045817a7458b84a56e46664ff) Importer(815301076,1909f56bfc062723c751e8b465ee728b)  -> (artifact id: 'fdc9640949aa56bdffc02acc9f500e92') in 0.037421 seconds 
  Import took 0.042623 seconds .

========================================================================
Received Import Request.
  Time since last request: 0.000881 seconds.
  path: Assets/Prefab/B.prefab
  artifactKey: Guid(3c5f9d6f5dcf1b747924ff6585174113) Importer(815301076,1909f56bfc062723c751e8b465ee728b)
Start importing Assets/Prefab/B.prefab using Guid(3c5f9d6f5dcf1b747924ff6585174113) Importer(815301076,1909f56bfc062723c751e8b465ee728b)  -> (artifact id: 'd50d679847ea6102100a45f496f821c8') in 0.039755 seconds 
  Import took 0.045593 seconds .

========================================================================
Received Import Request.
  Time since last request: 0.000297 seconds.
  path: Assets/Prefab/DoorH.prefab
  artifactKey: Guid(3a4b9a008307f334a9082e29fa9d3386) Importer(815301076,1909f56bfc062723c751e8b465ee728b)
Start importing Assets/Prefab/DoorH.prefab using Guid(3a4b9a008307f334a9082e29fa9d3386) Importer(815301076,1909f56bfc062723c751e8b465ee728b)  -> (artifact id: '966bfdb83406e52c687bae5d4bbc02a3') in 0.032819 seconds 
  Import took 0.039942 seconds .

========================================================================
Received Import Request.
  Time since last request: 0.000309 seconds.
  path: Assets/Prefab/Boss.prefab
  artifactKey: Guid(c710df06e7a02144da237f92adf4bab2) Importer(815301076,1909f56bfc062723c751e8b465ee728b)
Start importing Assets/Prefab/Boss.prefab using Guid(c710df06e7a02144da237f92adf4bab2) Importer(815301076,1909f56bfc062723c751e8b465ee728b)  -> (artifact id: 'faa9373a6b7494bb2e8229aea94da6d0') in 0.033354 seconds 
  Import took 0.040042 seconds .

========================================================================
Received Import Request.
  Time since last request: 0.000278 seconds.
  path: Assets/Prefab/LR.prefab
  artifactKey: Guid(b8c8bccfcc91ece49bfd7a88bc8c5908) Importer(815301076,1909f56bfc062723c751e8b465ee728b)
Start importing Assets/Prefab/LR.prefab using Guid(b8c8bccfcc91ece49bfd7a88bc8c5908) Importer(815301076,1909f56bfc062723c751e8b465ee728b)  -> (artifact id: '31ef9c10fa1fe74b60d136a465fff0df') in 0.032832 seconds 
  Import took 0.039360 seconds .

========================================================================
Received Import Request.
  Time since last request: 0.000369 seconds.
  path: Assets/Prefab/R.prefab
  artifactKey: Guid(c14ec3017f1b4fd468be39c016d2a9ef) Importer(815301076,1909f56bfc062723c751e8b465ee728b)
Start importing Assets/Prefab/R.prefab using Guid(c14ec3017f1b4fd468be39c016d2a9ef) Importer(815301076,1909f56bfc062723c751e8b465ee728b)  -> (artifact id: '63b6ee8dcee865eb4a9a25199b187bf3') in 0.028060 seconds 
  Import took 0.033794 seconds .

========================================================================
Received Import Request.
  Time since last request: 0.000257 seconds.
  path: Assets/Images/Corazon.png
  artifactKey: Guid(3865ae66a618a9749ba21806022ce702) Importer(815301076,1909f56bfc062723c751e8b465ee728b)
Start importing Assets/Images/Corazon.png using Guid(3865ae66a618a9749ba21806022ce702) Importer(815301076,1909f56bfc062723c751e8b465ee728b)  -> (artifact id: '42f43dd49878c8aaeb13cf665fc567cf') in 0.120938 seconds 
  Import took 0.126273 seconds .

========================================================================
Received Import Request.
  Time since last request: 0.000400 seconds.
  path: Assets/Prefab/BR.prefab
  artifactKey: Guid(cc8849f6d4768b8439135a54301a6db5) Importer(815301076,1909f56bfc062723c751e8b465ee728b)
Start importing Assets/Prefab/BR.prefab using Guid(cc8849f6d4768b8439135a54301a6db5) Importer(815301076,1909f56bfc062723c751e8b465ee728b)  -> (artifact id: 'd8c89c4e2baeb5608e03a2c98e9319b6') in 0.114024 seconds 
  Import took 0.150703 seconds .

========================================================================
Received Import Request.
  Time since last request: 0.000666 seconds.
  path: Assets/Images/assault rifle.png
  artifactKey: Guid(8319776d835d3fa4192266a58d8b30f8) Importer(815301076,1909f56bfc062723c751e8b465ee728b)
Start importing Assets/Images/assault rifle.png using Guid(8319776d835d3fa4192266a58d8b30f8) Importer(815301076,1909f56bfc062723c751e8b465ee728b)  -> (artifact id: '9e34e777e2158d27107fcc79b5d1c817') in 0.053646 seconds 
  Import took 0.060698 seconds .

========================================================================
Received Import Request.
  Time since last request: 0.000322 seconds.
  path: Assets/Prefab/Hfull.prefab
  artifactKey: Guid(a92cef3aa30b1a94fabf62ef31a1ce81) Importer(815301076,1909f56bfc062723c751e8b465ee728b)
Start importing Assets/Prefab/Hfull.prefab using Guid(a92cef3aa30b1a94fabf62ef31a1ce81) Importer(815301076,1909f56bfc062723c751e8b465ee728b)  -> (artifact id: '3584a97e36fbb7a155d7bf2f59b26739') in 0.045882 seconds 
  Import took 0.052724 seconds .

========================================================================
Received Import Request.
  Time since last request: 0.000370 seconds.
  path: Assets/Prefab/L.prefab
  artifactKey: Guid(88a20076888bb8845babf5d742f5e641) Importer(815301076,1909f56bfc062723c751e8b465ee728b)
Start importing Assets/Prefab/L.prefab using Guid(88a20076888bb8845babf5d742f5e641) Importer(815301076,1909f56bfc062723c751e8b465ee728b)  -> (artifact id: '8845057a91a34f4ada20c5ca32323878') in 0.031295 seconds 
  Import took 0.040633 seconds .

========================================================================
Received Import Request.
  Time since last request: 0.000433 seconds.
  path: Assets/Prefab/Hmid.prefab
  artifactKey: Guid(2dbaa4e7a1e1c404688c418d248c9c28) Importer(815301076,1909f56bfc062723c751e8b465ee728b)
Start importing Assets/Prefab/Hmid.prefab using Guid(2dbaa4e7a1e1c404688c418d248c9c28) Importer(815301076,1909f56bfc062723c751e8b465ee728b)  -> (artifact id: 'd17449b94bd62d28115ed4fc9abff487') in 0.030391 seconds 
  Import took 0.036538 seconds .

========================================================================
Received Import Request.
  Time since last request: 0.000531 seconds.
  path: Assets/Prefab/BL.prefab
  artifactKey: Guid(6ca5f45a58d0a9e4aae3279a4e727004) Importer(815301076,1909f56bfc062723c751e8b465ee728b)
Start importing Assets/Prefab/BL.prefab using Guid(6ca5f45a58d0a9e4aae3279a4e727004) Importer(815301076,1909f56bfc062723c751e8b465ee728b)  -> (artifact id: 'bb188279449807153f9837e0c5d64907') in 0.039072 seconds 
  Import took 0.046111 seconds .

========================================================================
Received Import Request.
  Time since last request: 0.000328 seconds.
  path: Assets/Images/slot.png
  artifactKey: Guid(07187eb54d00d304faf29056e3d392fa) Importer(815301076,1909f56bfc062723c751e8b465ee728b)
Start importing Assets/Images/slot.png using Guid(07187eb54d00d304faf29056e3d392fa) Importer(815301076,1909f56bfc062723c751e8b465ee728b)  -> (artifact id: '0ccda04a6ed15aa0c73c838e25d662af') in 0.030617 seconds 
  Import took 0.036004 seconds .

========================================================================
Received Import Request.
  Time since last request: 0.000289 seconds.
  path: Assets/Prefab/BasicEnemy.prefab
  artifactKey: Guid(30d85fa5e49387d40bfe116f753b32fc) Importer(815301076,1909f56bfc062723c751e8b465ee728b)
Start importing Assets/Prefab/BasicEnemy.prefab using Guid(30d85fa5e49387d40bfe116f753b32fc) Importer(815301076,1909f56bfc062723c751e8b465ee728b)  -> (artifact id: 'b24ac0d71e524774e1f74280c553bd00') in 0.029934 seconds 
  Import took 0.034919 seconds .

========================================================================
Received Import Request.
  Time since last request: 0.000296 seconds.
  path: Assets/Prefab/DoorV.prefab
  artifactKey: Guid(29d8efdbadee6c94c8efcc7f6f59e034) Importer(815301076,1909f56bfc062723c751e8b465ee728b)
Start importing Assets/Prefab/DoorV.prefab using Guid(29d8efdbadee6c94c8efcc7f6f59e034) Importer(815301076,1909f56bfc062723c751e8b465ee728b)  -> (artifact id: 'a156e1bb74fc4a68b999233ca2e59599') in 0.024421 seconds 
  Import took 0.030136 seconds .

========================================================================
Received Import Request.
  Time since last request: 0.000225 seconds.
  path: Assets/Images/Key.png
  artifactKey: Guid(c0c1bd68550db6a458a60d15f653c23f) Importer(815301076,1909f56bfc062723c751e8b465ee728b)
Start importing Assets/Images/Key.png using Guid(c0c1bd68550db6a458a60d15f653c23f) Importer(815301076,1909f56bfc062723c751e8b465ee728b)  -> (artifact id: '080cfd27b65dd7dfec10e82b714c5c29') in 0.029333 seconds 
  Import took 0.035432 seconds .

========================================================================
Received Import Request.
  Time since last request: 0.000264 seconds.
  path: Assets/Images/pistola.png
  artifactKey: Guid(4adc1dea78bde2447bc2e105e73c520f) Importer(815301076,1909f56bfc062723c751e8b465ee728b)
Start importing Assets/Images/pistola.png using Guid(4adc1dea78bde2447bc2e105e73c520f) Importer(815301076,1909f56bfc062723c751e8b465ee728b)  -> (artifact id: 'af047cade54d19360fd55b1523d69909') in 0.034560 seconds 
  Import took 0.040990 seconds .

AssetImportWorkerClient::OnTransportError - code=2 error=End of file
